[debug] [2022-03-31T05:34:48.169Z] ----------------------------------------------------------------------
[debug] [2022-03-31T05:34:48.171Z] Command:       /usr/local/bin/node /usr/local/bin/firebase init
[debug] [2022-03-31T05:34:48.172Z] CLI Version:   10.2.2
[debug] [2022-03-31T05:34:48.172Z] Platform:      darwin
[debug] [2022-03-31T05:34:48.173Z] Node Version:  v16.14.0
[debug] [2022-03-31T05:34:48.174Z] Time:          Thu Mar 31 2022 11:04:48 GMT+0530 (India Standard Time)
[debug] [2022-03-31T05:34:48.175Z] ----------------------------------------------------------------------
[debug] 
[debug] [2022-03-31T05:34:48.260Z] > command requires scopes: ["email","openid","https://www.googleapis.com/auth/cloudplatformprojects.readonly","https://www.googleapis.com/auth/firebase","https://www.googleapis.com/auth/cloud-platform"]
[debug] [2022-03-31T05:34:48.261Z] > authorizing via signed-in user (ssffilms6@gmail.com)
[info] 
     ######## #### ########  ######## ########     ###     ######  ########
     ##        ##  ##     ## ##       ##     ##  ##   ##  ##       ##
     ######    ##  ########  ######   ########  #########  ######  ######
     ##        ##  ##    ##  ##       ##     ## ##     ##       ## ##
     ##       #### ##     ## ######## ########  ##     ##  ######  ########

You're about to initialize a Firebase project in this directory:

  /Users/Macbook

Before we get started, keep in mind:

  * You are initializing within an existing Firebase project directory

[info] 
=== Project Setup
[info] 
[info] First, let's associate this project directory with a Firebase project.
[info] You can create multiple project aliases by running firebase use --add, 
[info] but for now we'll just set up a default project.
[info] 
[debug] [2022-03-31T05:34:52.547Z] Using project from CLI flag: saturday-f1bf5
[debug] [2022-03-31T05:34:52.551Z] >>> [apiv2][query] GET https://firebase.googleapis.com/v1beta1/projects/saturday-f1bf5 [none]
[debug] [2022-03-31T05:34:53.033Z] <<< [apiv2][status] GET https://firebase.googleapis.com/v1beta1/projects/saturday-f1bf5 403
[debug] [2022-03-31T05:34:53.034Z] <<< [apiv2][body] GET https://firebase.googleapis.com/v1beta1/projects/saturday-f1bf5 {"error":{"code":403,"message":"The caller does not have permission","status":"PERMISSION_DENIED"}}
[debug] [2022-03-31T05:34:53.034Z] HTTP Error: 403, The caller does not have permission
[debug] [2022-03-31T05:34:53.182Z] FirebaseError: HTTP Error: 403, The caller does not have permission
    at module.exports (/usr/local/lib/node_modules/firebase-tools/lib/responseToError.js:47:12)
    at RetryOperation._fn (/usr/local/lib/node_modules/firebase-tools/lib/apiv2.js:286:39)
    at processTicksAndRejections (node:internal/process/task_queues:96:5)
[error] 
[error] Error: Failed to get Firebase project saturday-f1bf5. Please make sure the project exists and your account has permission to access it.
